{"C:\\Users\\Hp\\Desktop\\bustransportsystem\\backend\\index.js": {"path":"C:\\Users\\Hp\\Desktop\\bustransportsystem\\backend\\index.js","statementMap":{"0":{"start":{"line":1,"column":16},"end":{"line":1,"column":34}},"1":{"start":{"line":2,"column":12},"end":{"line":2,"column":21}},"2":{"start":{"line":3,"column":22},"end":{"line":3,"column":47}},"3":{"start":{"line":4,"column":17},"end":{"line":4,"column":46}},"4":{"start":{"line":5,"column":17},"end":{"line":5,"column":36}},"5":{"start":{"line":6,"column":17},"end":{"line":6,"column":36}},"6":{"start":{"line":7,"column":16},"end":{"line":7,"column":43}},"7":{"start":{"line":9,"column":15},"end":{"line":9,"column":34}},"8":{"start":{"line":10,"column":13},"end":{"line":10,"column":28}},"9":{"start":{"line":11,"column":15},"end":{"line":11,"column":41}},"10":{"start":{"line":13,"column":19},"end":{"line":13,"column":43}},"11":{"start":{"line":16,"column":0},"end":{"line":16,"column":24}},"12":{"start":{"line":17,"column":0},"end":{"line":17,"column":16}},"13":{"start":{"line":18,"column":0},"end":{"line":20,"column":2}},"14":{"start":{"line":22,"column":0},"end":{"line":22,"column":31}},"15":{"start":{"line":23,"column":0},"end":{"line":23,"column":28}},"16":{"start":{"line":27,"column":0},"end":{"line":31,"column":3}},"17":{"start":{"line":28,"column":4},"end":{"line":28,"column":23}},"18":{"start":{"line":30,"column":4},"end":{"line":30,"column":24}},"19":{"start":{"line":33,"column":0},"end":{"line":41,"column":6}},"20":{"start":{"line":37,"column":16},"end":{"line":37,"column":47}},"21":{"start":{"line":39,"column":8},"end":{"line":39,"column":54}},"22":{"start":{"line":43,"column":0},"end":{"line":46,"column":3}},"23":{"start":{"line":45,"column":4},"end":{"line":45,"column":77}},"24":{"start":{"line":48,"column":0},"end":{"line":48,"column":24}},"25":{"start":{"line":51,"column":23},"end":{"line":51,"column":66}},"26":{"start":{"line":53,"column":25},"end":{"line":53,"column":48}},"27":{"start":{"line":54,"column":29},"end":{"line":54,"column":56}},"28":{"start":{"line":55,"column":24},"end":{"line":55,"column":46}},"29":{"start":{"line":57,"column":0},"end":{"line":80,"column":2}},"30":{"start":{"line":64,"column":8},"end":{"line":64,"column":35}},"31":{"start":{"line":65,"column":27},"end":{"line":65,"column":82}},"32":{"start":{"line":66,"column":8},"end":{"line":76,"column":9}},"33":{"start":{"line":67,"column":12},"end":{"line":74,"column":15}},"34":{"start":{"line":75,"column":12},"end":{"line":75,"column":24}},"35":{"start":{"line":77,"column":8},"end":{"line":77,"column":28}},"36":{"start":{"line":82,"column":0},"end":{"line":84,"column":3}},"37":{"start":{"line":83,"column":4},"end":{"line":83,"column":21}},"38":{"start":{"line":86,"column":0},"end":{"line":88,"column":3}},"39":{"start":{"line":87,"column":4},"end":{"line":87,"column":21}},"40":{"start":{"line":89,"column":0},"end":{"line":89,"column":90}},"41":{"start":{"line":91,"column":0},"end":{"line":95,"column":2}},"42":{"start":{"line":96,"column":0},"end":{"line":105,"column":3}},"43":{"start":{"line":97,"column":4},"end":{"line":104,"column":5}},"44":{"start":{"line":98,"column":8},"end":{"line":103,"column":11}},"45":{"start":{"line":107,"column":0},"end":{"line":112,"column":3}},"46":{"start":{"line":108,"column":4},"end":{"line":111,"column":7}},"47":{"start":{"line":114,"column":0},"end":{"line":117,"column":3}},"48":{"start":{"line":115,"column":4},"end":{"line":115,"column":17}},"49":{"start":{"line":116,"column":4},"end":{"line":116,"column":29}},"50":{"start":{"line":123,"column":0},"end":{"line":123,"column":37}},"51":{"start":{"line":125,"column":0},"end":{"line":125,"column":23}}},"fnMap":{"0":{"name":"(anonymous_0)","decl":{"start":{"line":37,"column":10},"end":{"line":37,"column":11}},"loc":{"start":{"line":37,"column":16},"end":{"line":37,"column":47}},"line":37},"1":{"name":"(anonymous_1)","decl":{"start":{"line":38,"column":11},"end":{"line":38,"column":12}},"loc":{"start":{"line":38,"column":18},"end":{"line":41,"column":5}},"line":38},"2":{"name":"(anonymous_2)","decl":{"start":{"line":43,"column":13},"end":{"line":43,"column":14}},"loc":{"start":{"line":43,"column":27},"end":{"line":46,"column":1}},"line":43},"3":{"name":"(anonymous_3)","decl":{"start":{"line":63,"column":4},"end":{"line":63,"column":5}},"loc":{"start":{"line":63,"column":62},"end":{"line":78,"column":5}},"line":63},"4":{"name":"(anonymous_4)","decl":{"start":{"line":82,"column":23},"end":{"line":82,"column":24}},"loc":{"start":{"line":82,"column":39},"end":{"line":84,"column":1}},"line":82},"5":{"name":"(anonymous_5)","decl":{"start":{"line":86,"column":25},"end":{"line":86,"column":26}},"loc":{"start":{"line":86,"column":41},"end":{"line":88,"column":1}},"line":86},"6":{"name":"(anonymous_6)","decl":{"start":{"line":96,"column":31},"end":{"line":96,"column":32}},"loc":{"start":{"line":96,"column":45},"end":{"line":105,"column":1}},"line":96},"7":{"name":"(anonymous_7)","decl":{"start":{"line":107,"column":30},"end":{"line":107,"column":31}},"loc":{"start":{"line":107,"column":44},"end":{"line":112,"column":1}},"line":107},"8":{"name":"(anonymous_8)","decl":{"start":{"line":114,"column":24},"end":{"line":114,"column":25}},"loc":{"start":{"line":114,"column":38},"end":{"line":117,"column":1}},"line":114}},"branchMap":{"0":{"loc":{"start":{"line":27,"column":0},"end":{"line":31,"column":3}},"type":"if","locations":[{"start":{"line":27,"column":0},"end":{"line":31,"column":3}},{"start":{"line":29,"column":7},"end":{"line":31,"column":3}}],"line":27},"1":{"loc":{"start":{"line":66,"column":8},"end":{"line":76,"column":9}},"type":"if","locations":[{"start":{"line":66,"column":8},"end":{"line":76,"column":9}},{"start":{},"end":{}}],"line":66},"2":{"loc":{"start":{"line":97,"column":4},"end":{"line":104,"column":5}},"type":"if","locations":[{"start":{"line":97,"column":4},"end":{"line":104,"column":5}},{"start":{},"end":{}}],"line":97},"3":{"loc":{"start":{"line":123,"column":11},"end":{"line":123,"column":35}},"type":"binary-expr","locations":[{"start":{"line":123,"column":11},"end":{"line":123,"column":27}},{"start":{"line":123,"column":31},"end":{"line":123,"column":35}}],"line":123}},"s":{"0":1,"1":1,"2":1,"3":1,"4":1,"5":1,"6":1,"7":1,"8":1,"9":1,"10":1,"11":1,"12":1,"13":1,"14":1,"15":1,"16":1,"17":1,"18":0,"19":1,"20":1,"21":0,"22":1,"23":0,"24":1,"25":1,"26":1,"27":1,"28":1,"29":1,"30":0,"31":0,"32":0,"33":0,"34":0,"35":0,"36":1,"37":0,"38":1,"39":0,"40":1,"41":1,"42":1,"43":0,"44":0,"45":1,"46":0,"47":1,"48":0,"49":0,"50":1,"51":1},"f":{"0":1,"1":0,"2":0,"3":0,"4":0,"5":0,"6":0,"7":0,"8":0},"b":{"0":[1,0],"1":[0,0],"2":[0,0],"3":[1,1]},"_coverageSchema":"1a1c01bbd47fc00a2c39e90264f33305004495a9","hash":"f918ff71cedcaafcf94d5a989a8b869aa7b76a1a"}
,"C:\\Users\\Hp\\Desktop\\bustransportsystem\\backend\\config\\config.js": {"path":"C:\\Users\\Hp\\Desktop\\bustransportsystem\\backend\\config\\config.js","statementMap":{"0":{"start":{"line":2,"column":0},"end":{"line":2,"column":116}},"1":{"start":{"line":3,"column":0},"end":{"line":3,"column":113}},"2":{"start":{"line":4,"column":0},"end":{"line":4,"column":92}},"3":{"start":{"line":5,"column":0},"end":{"line":5,"column":60}},"4":{"start":{"line":6,"column":0},"end":{"line":6,"column":62}},"5":{"start":{"line":8,"column":0},"end":{"line":15,"column":1}}},"fnMap":{},"branchMap":{},"s":{"0":1,"1":1,"2":1,"3":1,"4":1,"5":1},"f":{},"b":{},"_coverageSchema":"1a1c01bbd47fc00a2c39e90264f33305004495a9","hash":"cd434d08efaf538eca465741972ab7f444ac8ce9"}
,"C:\\Users\\Hp\\Desktop\\bustransportsystem\\backend\\config\\logInfo.js": {"path":"C:\\Users\\Hp\\Desktop\\bustransportsystem\\backend\\config\\logInfo.js","statementMap":{"0":{"start":{"line":1,"column":11},"end":{"line":1,"column":24}},"1":{"start":{"line":2,"column":13},"end":{"line":2,"column":28}},"2":{"start":{"line":4,"column":17},"end":{"line":4,"column":27}},"3":{"start":{"line":5,"column":11},"end":{"line":5,"column":49}},"4":{"start":{"line":6,"column":12},"end":{"line":6,"column":57}},"5":{"start":{"line":7,"column":11},"end":{"line":7,"column":35}},"6":{"start":{"line":8,"column":12},"end":{"line":8,"column":33}},"7":{"start":{"line":9,"column":14},"end":{"line":9,"column":37}},"8":{"start":{"line":10,"column":14},"end":{"line":10,"column":37}},"9":{"start":{"line":11,"column":20},"end":{"line":11,"column":103}},"10":{"start":{"line":15,"column":16},"end":{"line":21,"column":1}},"11":{"start":{"line":16,"column":4},"end":{"line":16,"column":22}},"12":{"start":{"line":17,"column":4},"end":{"line":20,"column":7}},"13":{"start":{"line":18,"column":8},"end":{"line":18,"column":27}},"14":{"start":{"line":18,"column":17},"end":{"line":18,"column":27}},"15":{"start":{"line":24,"column":0},"end":{"line":24,"column":25}}},"fnMap":{"0":{"name":"(anonymous_0)","decl":{"start":{"line":15,"column":16},"end":{"line":15,"column":17}},"loc":{"start":{"line":15,"column":26},"end":{"line":21,"column":1}},"line":15},"1":{"name":"(anonymous_1)","decl":{"start":{"line":17,"column":58},"end":{"line":17,"column":59}},"loc":{"start":{"line":17,"column":67},"end":{"line":20,"column":5}},"line":17}},"branchMap":{"0":{"loc":{"start":{"line":18,"column":8},"end":{"line":18,"column":27}},"type":"if","locations":[{"start":{"line":18,"column":8},"end":{"line":18,"column":27}},{"start":{},"end":{}}],"line":18}},"s":{"0":1,"1":1,"2":1,"3":1,"4":1,"5":1,"6":1,"7":1,"8":1,"9":1,"10":1,"11":3,"12":3,"13":2,"14":0,"15":1},"f":{"0":3,"1":2},"b":{"0":[0,2]},"_coverageSchema":"1a1c01bbd47fc00a2c39e90264f33305004495a9","hash":"05349389eddc02661f352c74f2f29e1018ea474d"}
,"C:\\Users\\Hp\\Desktop\\bustransportsystem\\backend\\controllers\\BusController.js": {"path":"C:\\Users\\Hp\\Desktop\\bustransportsystem\\backend\\controllers\\BusController.js","statementMap":{"0":{"start":{"line":1,"column":16},"end":{"line":1,"column":45}},"1":{"start":{"line":2,"column":16},"end":{"line":2,"column":44}},"2":{"start":{"line":5,"column":18},"end":{"line":23,"column":1}},"3":{"start":{"line":6,"column":16},"end":{"line":11,"column":6}},"4":{"start":{"line":12,"column":4},"end":{"line":22,"column":5}},"5":{"start":{"line":13,"column":8},"end":{"line":13,"column":25}},"6":{"start":{"line":14,"column":8},"end":{"line":14,"column":82}},"7":{"start":{"line":20,"column":8},"end":{"line":20,"column":61}},"8":{"start":{"line":21,"column":8},"end":{"line":21,"column":83}},"9":{"start":{"line":27,"column":17},"end":{"line":39,"column":1}},"10":{"start":{"line":28,"column":4},"end":{"line":38,"column":5}},"11":{"start":{"line":29,"column":22},"end":{"line":29,"column":57}},"12":{"start":{"line":30,"column":8},"end":{"line":30,"column":24}},"13":{"start":{"line":36,"column":8},"end":{"line":36,"column":61}},"14":{"start":{"line":37,"column":8},"end":{"line":37,"column":77}},"15":{"start":{"line":43,"column":23},"end":{"line":54,"column":1}},"16":{"start":{"line":44,"column":4},"end":{"line":53,"column":5}},"17":{"start":{"line":45,"column":22},"end":{"line":45,"column":67}},"18":{"start":{"line":46,"column":8},"end":{"line":46,"column":24}},"19":{"start":{"line":51,"column":8},"end":{"line":51,"column":61}},"20":{"start":{"line":52,"column":8},"end":{"line":52,"column":89}},"21":{"start":{"line":56,"column":0},"end":{"line":56,"column":56}}},"fnMap":{"0":{"name":"(anonymous_0)","decl":{"start":{"line":5,"column":18},"end":{"line":5,"column":19}},"loc":{"start":{"line":5,"column":38},"end":{"line":23,"column":1}},"line":5},"1":{"name":"(anonymous_1)","decl":{"start":{"line":27,"column":17},"end":{"line":27,"column":18}},"loc":{"start":{"line":27,"column":37},"end":{"line":39,"column":1}},"line":27},"2":{"name":"(anonymous_2)","decl":{"start":{"line":43,"column":23},"end":{"line":43,"column":24}},"loc":{"start":{"line":43,"column":43},"end":{"line":54,"column":1}},"line":43}},"branchMap":{},"s":{"0":1,"1":1,"2":1,"3":0,"4":0,"5":0,"6":0,"7":0,"8":0,"9":1,"10":0,"11":0,"12":0,"13":0,"14":0,"15":1,"16":0,"17":0,"18":0,"19":0,"20":0,"21":1},"f":{"0":0,"1":0,"2":0},"b":{},"_coverageSchema":"1a1c01bbd47fc00a2c39e90264f33305004495a9","hash":"1c90853c3db0c2fe71c115d1d43b3eea94c7b75c"}
,"C:\\Users\\Hp\\Desktop\\bustransportsystem\\backend\\controllers\\RideController.js": {"path":"C:\\Users\\Hp\\Desktop\\bustransportsystem\\backend\\controllers\\RideController.js","statementMap":{"0":{"start":{"line":1,"column":17},"end":{"line":1,"column":47}},"1":{"start":{"line":2,"column":16},"end":{"line":2,"column":44}},"2":{"start":{"line":5,"column":20},"end":{"line":26,"column":1}},"3":{"start":{"line":6,"column":17},"end":{"line":14,"column":6}},"4":{"start":{"line":15,"column":4},"end":{"line":25,"column":5}},"5":{"start":{"line":16,"column":8},"end":{"line":16,"column":26}},"6":{"start":{"line":17,"column":8},"end":{"line":17,"column":85}},"7":{"start":{"line":23,"column":8},"end":{"line":23,"column":61}},"8":{"start":{"line":24,"column":8},"end":{"line":24,"column":86}},"9":{"start":{"line":30,"column":17},"end":{"line":42,"column":1}},"10":{"start":{"line":31,"column":4},"end":{"line":41,"column":5}},"11":{"start":{"line":32,"column":22},"end":{"line":32,"column":61}},"12":{"start":{"line":33,"column":8},"end":{"line":33,"column":24}},"13":{"start":{"line":39,"column":8},"end":{"line":39,"column":61}},"14":{"start":{"line":40,"column":8},"end":{"line":40,"column":76}},"15":{"start":{"line":46,"column":24},"end":{"line":58,"column":1}},"16":{"start":{"line":47,"column":4},"end":{"line":57,"column":5}},"17":{"start":{"line":48,"column":22},"end":{"line":48,"column":71}},"18":{"start":{"line":50,"column":8},"end":{"line":50,"column":24}},"19":{"start":{"line":55,"column":8},"end":{"line":55,"column":61}},"20":{"start":{"line":56,"column":8},"end":{"line":56,"column":88}},"21":{"start":{"line":62,"column":19},"end":{"line":76,"column":1}},"22":{"start":{"line":63,"column":4},"end":{"line":75,"column":5}},"23":{"start":{"line":65,"column":8},"end":{"line":65,"column":77}},"24":{"start":{"line":66,"column":22},"end":{"line":66,"column":74}},"25":{"start":{"line":68,"column":8},"end":{"line":68,"column":24}},"26":{"start":{"line":73,"column":8},"end":{"line":73,"column":61}},"27":{"start":{"line":74,"column":8},"end":{"line":74,"column":125}},"28":{"start":{"line":78,"column":0},"end":{"line":78,"column":71}}},"fnMap":{"0":{"name":"(anonymous_0)","decl":{"start":{"line":5,"column":20},"end":{"line":5,"column":21}},"loc":{"start":{"line":5,"column":40},"end":{"line":26,"column":1}},"line":5},"1":{"name":"(anonymous_1)","decl":{"start":{"line":30,"column":17},"end":{"line":30,"column":18}},"loc":{"start":{"line":30,"column":37},"end":{"line":42,"column":1}},"line":30},"2":{"name":"(anonymous_2)","decl":{"start":{"line":46,"column":24},"end":{"line":46,"column":25}},"loc":{"start":{"line":46,"column":44},"end":{"line":58,"column":1}},"line":46},"3":{"name":"(anonymous_3)","decl":{"start":{"line":62,"column":19},"end":{"line":62,"column":20}},"loc":{"start":{"line":62,"column":39},"end":{"line":76,"column":1}},"line":62}},"branchMap":{},"s":{"0":1,"1":1,"2":1,"3":0,"4":0,"5":0,"6":0,"7":0,"8":0,"9":1,"10":0,"11":0,"12":0,"13":0,"14":0,"15":1,"16":0,"17":0,"18":0,"19":0,"20":0,"21":1,"22":0,"23":0,"24":0,"25":0,"26":0,"27":0,"28":1},"f":{"0":0,"1":0,"2":0,"3":0},"b":{},"_coverageSchema":"1a1c01bbd47fc00a2c39e90264f33305004495a9","hash":"5ba9b88ed6e0530f11a03835f175d624f40ab55e"}
,"C:\\Users\\Hp\\Desktop\\bustransportsystem\\backend\\controllers\\UserController.js": {"path":"C:\\Users\\Hp\\Desktop\\bustransportsystem\\backend\\controllers\\UserController.js","statementMap":{"0":{"start":{"line":1,"column":12},"end":{"line":1,"column":35}},"1":{"start":{"line":2,"column":17},"end":{"line":2,"column":47}},"2":{"start":{"line":3,"column":16},"end":{"line":3,"column":44}},"3":{"start":{"line":6,"column":21},"end":{"line":35,"column":1}},"4":{"start":{"line":12,"column":23},"end":{"line":12,"column":68}},"5":{"start":{"line":13,"column":4},"end":{"line":15,"column":5}},"6":{"start":{"line":14,"column":8},"end":{"line":14,"column":154}},"7":{"start":{"line":18,"column":17},"end":{"line":25,"column":6}},"8":{"start":{"line":26,"column":4},"end":{"line":34,"column":5}},"9":{"start":{"line":27,"column":8},"end":{"line":27,"column":26}},"10":{"start":{"line":28,"column":8},"end":{"line":28,"column":142}},"11":{"start":{"line":32,"column":8},"end":{"line":32,"column":61}},"12":{"start":{"line":33,"column":8},"end":{"line":33,"column":84}},"13":{"start":{"line":38,"column":18},"end":{"line":63,"column":1}},"14":{"start":{"line":44,"column":17},"end":{"line":44,"column":62}},"15":{"start":{"line":45,"column":4},"end":{"line":45,"column":99}},"16":{"start":{"line":45,"column":15},"end":{"line":45,"column":99}},"17":{"start":{"line":48,"column":22},"end":{"line":48,"column":57}},"18":{"start":{"line":49,"column":4},"end":{"line":49,"column":104}},"19":{"start":{"line":49,"column":20},"end":{"line":49,"column":104}},"20":{"start":{"line":53,"column":4},"end":{"line":62,"column":5}},"21":{"start":{"line":54,"column":22},"end":{"line":54,"column":75}},"22":{"start":{"line":55,"column":8},"end":{"line":55,"column":181}},"23":{"start":{"line":58,"column":8},"end":{"line":58,"column":61}},"24":{"start":{"line":61,"column":8},"end":{"line":61,"column":88}},"25":{"start":{"line":67,"column":24},"end":{"line":76,"column":1}},"26":{"start":{"line":68,"column":4},"end":{"line":75,"column":5}},"27":{"start":{"line":69,"column":21},"end":{"line":69,"column":59}},"28":{"start":{"line":71,"column":8},"end":{"line":71,"column":35}},"29":{"start":{"line":73,"column":8},"end":{"line":73,"column":61}},"30":{"start":{"line":74,"column":8},"end":{"line":74,"column":89}},"31":{"start":{"line":78,"column":0},"end":{"line":78,"column":61}}},"fnMap":{"0":{"name":"(anonymous_0)","decl":{"start":{"line":6,"column":21},"end":{"line":6,"column":22}},"loc":{"start":{"line":6,"column":41},"end":{"line":35,"column":1}},"line":6},"1":{"name":"(anonymous_1)","decl":{"start":{"line":38,"column":18},"end":{"line":38,"column":19}},"loc":{"start":{"line":38,"column":38},"end":{"line":63,"column":1}},"line":38},"2":{"name":"(anonymous_2)","decl":{"start":{"line":67,"column":24},"end":{"line":67,"column":25}},"loc":{"start":{"line":67,"column":44},"end":{"line":76,"column":1}},"line":67}},"branchMap":{"0":{"loc":{"start":{"line":13,"column":4},"end":{"line":15,"column":5}},"type":"if","locations":[{"start":{"line":13,"column":4},"end":{"line":15,"column":5}},{"start":{},"end":{}}],"line":13},"1":{"loc":{"start":{"line":45,"column":4},"end":{"line":45,"column":99}},"type":"if","locations":[{"start":{"line":45,"column":4},"end":{"line":45,"column":99}},{"start":{},"end":{}}],"line":45},"2":{"loc":{"start":{"line":49,"column":4},"end":{"line":49,"column":104}},"type":"if","locations":[{"start":{"line":49,"column":4},"end":{"line":49,"column":104}},{"start":{},"end":{}}],"line":49}},"s":{"0":1,"1":1,"2":1,"3":1,"4":1,"5":1,"6":0,"7":1,"8":1,"9":1,"10":0,"11":1,"12":1,"13":1,"14":0,"15":0,"16":0,"17":0,"18":0,"19":0,"20":0,"21":0,"22":0,"23":0,"24":0,"25":1,"26":1,"27":1,"28":0,"29":1,"30":1,"31":1},"f":{"0":1,"1":0,"2":1},"b":{"0":[0,1],"1":[0,0],"2":[0,0]},"_coverageSchema":"1a1c01bbd47fc00a2c39e90264f33305004495a9","hash":"bf5424dca3871568dd0794fae4bc108449439624"}
,"C:\\Users\\Hp\\Desktop\\bustransportsystem\\backend\\models\\BusModel.js": {"path":"C:\\Users\\Hp\\Desktop\\bustransportsystem\\backend\\models\\BusModel.js","statementMap":{"0":{"start":{"line":1,"column":17},"end":{"line":1,"column":36}},"1":{"start":{"line":3,"column":18},"end":{"line":23,"column":2}},"2":{"start":{"line":24,"column":0},"end":{"line":26,"column":1}}},"fnMap":{},"branchMap":{},"s":{"0":1,"1":1,"2":1},"f":{},"b":{},"_coverageSchema":"1a1c01bbd47fc00a2c39e90264f33305004495a9","hash":"63d05e0ad051fa24a5e9dbe0453ec2467842aa0d"}
,"C:\\Users\\Hp\\Desktop\\bustransportsystem\\backend\\models\\RideModel.js": {"path":"C:\\Users\\Hp\\Desktop\\bustransportsystem\\backend\\models\\RideModel.js","statementMap":{"0":{"start":{"line":1,"column":17},"end":{"line":1,"column":36}},"1":{"start":{"line":3,"column":19},"end":{"line":35,"column":2}},"2":{"start":{"line":36,"column":0},"end":{"line":38,"column":1}}},"fnMap":{},"branchMap":{},"s":{"0":1,"1":1,"2":1},"f":{},"b":{},"_coverageSchema":"1a1c01bbd47fc00a2c39e90264f33305004495a9","hash":"a8d0a74b067b9cb7b19403a2baad6fa8d3658266"}
,"C:\\Users\\Hp\\Desktop\\bustransportsystem\\backend\\models\\UserModel.js": {"path":"C:\\Users\\Hp\\Desktop\\bustransportsystem\\backend\\models\\UserModel.js","statementMap":{"0":{"start":{"line":1,"column":17},"end":{"line":1,"column":36}},"1":{"start":{"line":3,"column":19},"end":{"line":35,"column":2}},"2":{"start":{"line":36,"column":0},"end":{"line":38,"column":1}}},"fnMap":{},"branchMap":{},"s":{"0":1,"1":1,"2":1},"f":{},"b":{},"_coverageSchema":"1a1c01bbd47fc00a2c39e90264f33305004495a9","hash":"97324374880f65b930a640a53f425597f2a6b370"}
,"C:\\Users\\Hp\\Desktop\\bustransportsystem\\backend\\routes\\buses.js": {"path":"C:\\Users\\Hp\\Desktop\\bustransportsystem\\backend\\routes\\buses.js","statementMap":{"0":{"start":{"line":1,"column":16},"end":{"line":1,"column":34}},"1":{"start":{"line":3,"column":15},"end":{"line":3,"column":31}},"2":{"start":{"line":5,"column":22},"end":{"line":5,"column":61}},"3":{"start":{"line":7,"column":0},"end":{"line":16,"column":1}},"4":{"start":{"line":10,"column":4},"end":{"line":10,"column":46}},"5":{"start":{"line":12,"column":4},"end":{"line":12,"column":44}},"6":{"start":{"line":14,"column":4},"end":{"line":14,"column":57}},"7":{"start":{"line":15,"column":4},"end":{"line":15,"column":18}}},"fnMap":{"0":{"name":"(anonymous_0)","decl":{"start":{"line":7,"column":17},"end":{"line":7,"column":18}},"loc":{"start":{"line":8,"column":0},"end":{"line":16,"column":1}},"line":8}},"branchMap":{},"s":{"0":1,"1":1,"2":1,"3":1,"4":1,"5":1,"6":1,"7":1},"f":{"0":1},"b":{},"_coverageSchema":"1a1c01bbd47fc00a2c39e90264f33305004495a9","hash":"c2be7f2d70dfad8aba36eee78aa9b57d746350b5"}
,"C:\\Users\\Hp\\Desktop\\bustransportsystem\\backend\\routes\\index.js": {"path":"C:\\Users\\Hp\\Desktop\\bustransportsystem\\backend\\routes\\index.js","statementMap":{"0":{"start":{"line":1,"column":16},"end":{"line":1,"column":34}},"1":{"start":{"line":2,"column":18},"end":{"line":2,"column":36}},"2":{"start":{"line":3,"column":19},"end":{"line":3,"column":37}},"3":{"start":{"line":4,"column":19},"end":{"line":4,"column":37}},"4":{"start":{"line":5,"column":15},"end":{"line":5,"column":31}},"5":{"start":{"line":7,"column":0},"end":{"line":7,"column":26}},"6":{"start":{"line":8,"column":0},"end":{"line":8,"column":34}},"7":{"start":{"line":9,"column":0},"end":{"line":9,"column":35}},"8":{"start":{"line":10,"column":0},"end":{"line":10,"column":35}},"9":{"start":{"line":12,"column":0},"end":{"line":12,"column":24}}},"fnMap":{},"branchMap":{},"s":{"0":1,"1":1,"2":1,"3":1,"4":1,"5":1,"6":1,"7":1,"8":1,"9":1},"f":{},"b":{},"_coverageSchema":"1a1c01bbd47fc00a2c39e90264f33305004495a9","hash":"0ea34f3d5a0912cfcb4fc74627382e3e67463463"}
,"C:\\Users\\Hp\\Desktop\\bustransportsystem\\backend\\routes\\rides.js": {"path":"C:\\Users\\Hp\\Desktop\\bustransportsystem\\backend\\routes\\rides.js","statementMap":{"0":{"start":{"line":1,"column":16},"end":{"line":1,"column":34}},"1":{"start":{"line":3,"column":15},"end":{"line":3,"column":31}},"2":{"start":{"line":5,"column":23},"end":{"line":5,"column":63}},"3":{"start":{"line":7,"column":0},"end":{"line":18,"column":1}},"4":{"start":{"line":10,"column":4},"end":{"line":10,"column":56}},"5":{"start":{"line":12,"column":4},"end":{"line":12,"column":45}},"6":{"start":{"line":14,"column":4},"end":{"line":14,"column":59}},"7":{"start":{"line":16,"column":4},"end":{"line":16,"column":58}},"8":{"start":{"line":17,"column":4},"end":{"line":17,"column":18}}},"fnMap":{"0":{"name":"(anonymous_0)","decl":{"start":{"line":7,"column":17},"end":{"line":7,"column":18}},"loc":{"start":{"line":8,"column":0},"end":{"line":18,"column":1}},"line":8}},"branchMap":{},"s":{"0":1,"1":1,"2":1,"3":1,"4":1,"5":1,"6":1,"7":1,"8":1},"f":{"0":1},"b":{},"_coverageSchema":"1a1c01bbd47fc00a2c39e90264f33305004495a9","hash":"7e1b447b29a61435815eb31c72e48a41e2393b1c"}
,"C:\\Users\\Hp\\Desktop\\bustransportsystem\\backend\\routes\\users.js": {"path":"C:\\Users\\Hp\\Desktop\\bustransportsystem\\backend\\routes\\users.js","statementMap":{"0":{"start":{"line":1,"column":16},"end":{"line":1,"column":34}},"1":{"start":{"line":3,"column":15},"end":{"line":3,"column":31}},"2":{"start":{"line":5,"column":23},"end":{"line":5,"column":63}},"3":{"start":{"line":7,"column":0},"end":{"line":16,"column":1}},"4":{"start":{"line":10,"column":4},"end":{"line":10,"column":58}},"5":{"start":{"line":12,"column":4},"end":{"line":12,"column":52}},"6":{"start":{"line":14,"column":4},"end":{"line":14,"column":59}},"7":{"start":{"line":15,"column":4},"end":{"line":15,"column":18}}},"fnMap":{"0":{"name":"(anonymous_0)","decl":{"start":{"line":7,"column":17},"end":{"line":7,"column":18}},"loc":{"start":{"line":8,"column":0},"end":{"line":16,"column":1}},"line":8}},"branchMap":{},"s":{"0":1,"1":1,"2":1,"3":1,"4":1,"5":1,"6":1,"7":1},"f":{"0":1},"b":{},"_coverageSchema":"1a1c01bbd47fc00a2c39e90264f33305004495a9","hash":"ae96ac0b4ebc8014d45294e781c734b1535263fa"}
}
